2026-01-31 17:05:58,033 | INFO | [i] === STAGE 00: Initialization ===
2026-01-31 17:05:58,137 | INFO | [i] RUN_ID: 20260131_100558_4548
2026-01-31 17:05:58,137 | INFO | [i] OUT_DIR: outputs\runs\20260131_100558_4548
2026-01-31 17:05:58,137 | INFO | [i] CONFIG_HASH: e0d346cde311
2026-01-31 17:05:58,137 | INFO | [i] SEED: 1337
2026-01-31 17:05:58,137 | INFO | [i] VERSIONS: {'python': '3.11.0', 'ffmpeg': 'ffmpeg version 8.0.1-full_build-www.gyan.dev Copyright (c) 2000-2025 the FFmpeg developers', 'ffprobe': 'ffprobe version 8.0.1-full_build-www.gyan.dev Copyright (c) 2007-2025 the FFmpeg developers', 'git_sha': 'b10b7a9', 'asr_model': 'tiny'}
2026-01-31 17:05:58,137 | INFO | [i] LOG_FILE: outputs\runs\20260131_100558_4548\logs\pipeline.log
2026-01-31 17:05:58,138 | INFO | [OK] === END STAGE 00: Initialization (elapsed=0.09s) ===
2026-01-31 17:05:58,138 | INFO | [i] === STAGE 01: Ingest Video ===
2026-01-31 17:05:58,138 | INFO | Selected video: C:\Users\rahmt\Downloads\clip_02_cand_0021.mp4
2026-01-31 17:05:58,193 | INFO | Duration: 33.93s
2026-01-31 17:05:58,195 | INFO | [OK] === END STAGE 01: Ingest Video (elapsed=0.06s) ===
2026-01-31 17:05:58,195 | INFO | [i] === STAGE 02: Audio Extract + Global Analysis ===
2026-01-31 17:05:58,277 | INFO | Audio extracted: outputs\runs\20260131_100558_4548\00_raw_segments\audio.wav
2026-01-31 17:05:58,326 | INFO | Wrote silence_segments.json
2026-01-31 17:05:58,326 | INFO | Silence segments: 0
2026-01-31 17:05:58,414 | INFO | Energy points: 1692 (saved to energy_curve.json)
2026-01-31 17:05:58,414 | INFO | [OK] === END STAGE 02: Audio Extract + Global Analysis (elapsed=0.22s) ===
2026-01-31 17:05:58,414 | INFO | [i] === STAGE 03: Speech Blocks (silence complement + VAD fallback) ===
2026-01-31 17:05:58,415 | INFO | Speech blocks: 1
2026-01-31 17:05:58,415 | INFO | [OK] === END STAGE 03: Speech Blocks (silence complement + VAD fallback) (elapsed=0.00s) ===
2026-01-31 17:05:58,416 | INFO | [i] === STAGE 04: Visual Sampling + Shot Detection ===
2026-01-31 17:05:59,744 | INFO | Sample thumbnails: 8
2026-01-31 17:05:59,745 | WARNING | Shot detection unavailable; continuing without. (No module named 'scenedetect')
2026-01-31 17:05:59,745 | INFO | [OK] === END STAGE 04: Visual Sampling + Shot Detection (elapsed=1.33s) ===
2026-01-31 17:05:59,745 | INFO | [i] === STAGE 05: Hard Lock: NO FACE / NO CROP / NO ZOOM ===
2026-01-31 17:05:59,745 | INFO | This pipeline does not perform face detection/tracking/crop/zoom. Export uses FIT+PAD only.
2026-01-31 17:05:59,745 | INFO | This pipeline does not generate SRT/subtitles or burn-in captions.
2026-01-31 17:05:59,745 | INFO | [OK] === END STAGE 05: Hard Lock: NO FACE / NO CROP / NO ZOOM (elapsed=0.00s) ===
2026-01-31 17:05:59,746 | INFO | [i] === STAGE 06: Segment Proposal (Candidate Mining) ===
2026-01-31 17:05:59,753 | INFO | Candidates: 39
2026-01-31 17:05:59,753 | INFO | [i] bucket_counts
2026-01-31 17:05:59,753 | INFO |     b0: ########## (35)
2026-01-31 17:05:59,753 | INFO |     b1: # (3)
2026-01-31 17:05:59,753 | INFO |     b2:  (1)
2026-01-31 17:05:59,753 | INFO |     b3:  (0)
2026-01-31 17:05:59,753 | INFO |     b4:  (0)
2026-01-31 17:05:59,753 | INFO | [i] duration_hist
2026-01-31 17:05:59,754 | INFO |     dur_15_35: ########## (39)
2026-01-31 17:05:59,754 | INFO |     dur_45_75:  (0)
2026-01-31 17:05:59,754 | INFO |     dur_75_120:  (0)
2026-01-31 17:05:59,754 | INFO | [OK] === END STAGE 06: Segment Proposal (Candidate Mining) (elapsed=0.02s) ===
2026-01-31 17:05:59,754 | INFO | [i] === STAGE 07: Context Expansion (pre-score) ===
2026-01-31 17:05:59,754 | INFO | [i] context_expansion: start_adj=0 end_adj=0
2026-01-31 17:05:59,754 | INFO | [OK] === END STAGE 07: Context Expansion (pre-score) (elapsed=0.00s) ===
2026-01-31 17:05:59,754 | INFO | [i] === STAGE 08: Feature Extraction ===
2026-01-31 17:05:59,781 | INFO | Features computed for all candidates.
2026-01-31 17:05:59,781 | INFO | [OK] === END STAGE 08: Feature Extraction (elapsed=0.03s) ===
2026-01-31 17:05:59,781 | INFO | [i] === STAGE 09: ASR (top-N per bucket, cache, fail-safe) ===
2026-01-31 17:05:59,782 | WARNING | [!] CACHE_MISS transcript (missing) -> recompute
2026-01-31 17:06:29,594 | INFO | ASR model ready: faster-whisper tiny (cpu int8)
2026-01-31 17:06:29,595 | INFO | ASR top-N per bucket: 12 candidates (mode=light)
2026-01-31 17:06:29,640 | INFO | ASR [cand_0001] block 1/1 START 2.00-14.00 (mode=light)
2026-01-31 17:06:35,453 | INFO | ASR [cand_0001] block 1 DONE in 5.81s
2026-01-31 17:06:35,504 | INFO | ASR [cand_0019] block 1/1 START 2.00-14.00 (mode=light)
2026-01-31 17:06:40,993 | INFO | ASR [cand_0019] block 1 DONE in 5.48s
2026-01-31 17:06:41,040 | INFO | ASR [cand_0020] block 1/1 START 2.00-14.00 (mode=light)
2026-01-31 17:06:47,348 | INFO | ASR [cand_0020] block 1 DONE in 6.31s
2026-01-31 17:06:47,395 | INFO | ASR [cand_0021] block 1/1 START 2.00-14.00 (mode=light)
2026-01-31 17:06:53,528 | INFO | ASR [cand_0021] block 1 DONE in 6.12s
2026-01-31 17:06:53,572 | INFO | ASR [cand_0022] block 1/1 START 2.00-14.00 (mode=light)
2026-01-31 17:06:59,153 | INFO | ASR [cand_0022] block 1 DONE in 5.58s
2026-01-31 17:06:59,203 | INFO | ASR [cand_0023] block 1/1 START 2.00-14.00 (mode=light)
2026-01-31 17:07:05,766 | INFO | ASR [cand_0023] block 1 DONE in 6.56s
2026-01-31 17:07:05,815 | INFO | ASR [cand_0024] block 1/1 START 2.00-14.00 (mode=light)
2026-01-31 17:07:11,331 | INFO | ASR [cand_0024] block 1 DONE in 5.51s
2026-01-31 17:07:11,377 | INFO | ASR [cand_0025] block 1/1 START 2.00-14.00 (mode=light)
2026-01-31 17:07:16,964 | INFO | ASR [cand_0025] block 1 DONE in 5.58s
2026-01-31 17:07:17,011 | INFO | ASR [cand_0039] block 1/1 START 14.82-26.82 (mode=light)
2026-01-31 17:07:17,711 | INFO | ASR [cand_0039] block 1 DONE in 0.70s
2026-01-31 17:07:17,756 | INFO | ASR [cand_0038] block 1/1 START 14.10-26.10 (mode=light)
2026-01-31 17:07:18,477 | INFO | ASR [cand_0038] block 1 DONE in 0.72s
2026-01-31 17:07:18,522 | INFO | ASR [cand_0003] block 1/1 START 14.00-26.00 (mode=light)
2026-01-31 17:07:19,245 | INFO | ASR [cand_0003] block 1 DONE in 0.72s
2026-01-31 17:07:19,292 | INFO | ASR [cand_0004] block 1/1 START 20.00-32.00 (mode=light)
2026-01-31 17:07:23,794 | INFO | ASR [cand_0004] block 1 DONE in 4.50s
2026-01-31 17:07:23,797 | INFO | Saved transcript cache (entries=5)
2026-01-31 17:07:23,798 | INFO | [OK] === END STAGE 09: ASR (top-N per bucket, cache, fail-safe) (elapsed=84.02s) ===
2026-01-31 17:07:23,798 | WARNING | [!] marker_candidates_added: 0
2026-01-31 17:07:23,798 | INFO | [i] === STAGE 10: Scoring (bucket-normalized) ===
2026-01-31 17:07:23,816 | INFO | Wrote ranking.csv (all candidates): outputs\runs\20260131_100558_4548\04_metadata\ranking.csv
2026-01-31 17:07:23,817 | INFO | [OK] === END STAGE 10: Scoring (bucket-normalized) (elapsed=0.02s) ===
2026-01-31 17:07:23,817 | INFO | [i] === STAGE 11: Selection (bucket quota + fairness) ===
2026-01-31 17:07:23,824 | INFO | [i] selected_summary
2026-01-31 17:07:23,824 | INFO |     #01 b0 cand_0001 start=0.00s (0%) dur=33.9s VS=79.9
2026-01-31 17:07:23,824 | INFO | [i] Selected clips: 1
2026-01-31 17:07:23,824 | INFO | [i] duration_hist
2026-01-31 17:07:23,824 | INFO |     dur_15_35: ########## (1)
2026-01-31 17:07:23,824 | INFO |     dur_45_75:  (0)
2026-01-31 17:07:23,824 | INFO |     dur_75_120:  (0)
2026-01-31 17:07:23,824 | INFO | [i] selected_dur_band
2026-01-31 17:07:23,824 | INFO |     short: ########## (1)
2026-01-31 17:07:23,824 | INFO |     mid:  (0)
2026-01-31 17:07:23,824 | INFO |     long:  (0)
2026-01-31 17:07:23,824 | INFO | [i] selected_bucket_counts
2026-01-31 17:07:23,824 | INFO |     b0: ########## (1)
2026-01-31 17:07:23,824 | INFO |     b1:  (0)
2026-01-31 17:07:23,826 | INFO |     b2:  (0)
2026-01-31 17:07:23,826 | INFO |     b3:  (0)
2026-01-31 17:07:23,826 | INFO |     b4:  (0)
2026-01-31 17:07:23,826 | INFO | [OK] === END STAGE 11: Selection (bucket quota + fairness) (elapsed=0.00s) ===
2026-01-31 17:07:23,826 | INFO | [i] Snap boundaries + end-of-idea polish
2026-01-31 17:07:23,826 | INFO | ASR (selected-only full) cand_0001 for snapping
2026-01-31 17:07:23,877 | INFO | ASR [cand_0001] block 1/2 START 0.00-28.00 (mode=full)
2026-01-31 17:07:29,526 | INFO | ASR [cand_0001] block 1 DONE in 5.64s
2026-01-31 17:07:29,570 | INFO | ASR [cand_0001] block 2/2 START 27.75-33.93 (mode=full)
2026-01-31 17:07:30,147 | INFO | ASR [cand_0001] block 2 DONE in 0.58s
2026-01-31 17:07:30,152 | INFO | [i] Snapping completed (end-of-idea polish enabled).
2026-01-31 17:07:30,153 | INFO | Saved transcript cache after snapping (entries=5)
2026-01-31 17:07:30,153 | INFO | [i] === STAGE 12: Finalize + Export (NO ZOOM pad 1080x1920@30) + Thumbs + Ranking ===
2026-01-31 17:07:33,962 | INFO | [OK] EXPORT clip_01 id=cand_0001 start=0.00 end=33.93 dur=33.93 -> outputs\runs\20260131_100558_4548\02_selected_clips\clip_01_cand_0001.mp4 size=6323KB
2026-01-31 17:07:34,135 | INFO | [OK] === END STAGE 12: Finalize + Export (NO ZOOM pad 1080x1920@30) + Thumbs + Ranking (elapsed=3.98s) ===
2026-01-31 17:07:34,135 | WARNING | [!] WARNING SUMMARY (2)
2026-01-31 17:07:34,135 | WARNING |     01. CACHE_MISS transcript (missing) -> recompute
2026-01-31 17:07:34,135 | WARNING |     02. marker_candidates_added: 0
2026-01-31 17:07:34,137 | INFO | [OK] Artifacts: outputs\runs\20260131_100558_4548\04_metadata\run_manifest.json
2026-01-31 17:07:34,138 | INFO | [OK] Artifacts: outputs\runs\20260131_100558_4548\04_metadata\selection_audit.json
2026-01-31 17:07:34,138 | INFO | [OK] Artifacts: outputs\runs\20260131_100558_4548\04_metadata\selected.json
2026-01-31 17:07:34,138 | INFO | [OK] Artifacts: outputs\runs\20260131_100558_4548\04_metadata\ranking.csv
2026-01-31 17:07:34,138 | INFO | [OK] Artifacts: outputs\runs\20260131_100558_4548\04_metadata\export_manifest.json
