2026-01-31 17:10:22,274 | INFO | [i] === STAGE 00: Initialization ===
2026-01-31 17:10:22,373 | INFO | [i] RUN_ID: 20260131_101022_9084
2026-01-31 17:10:22,373 | INFO | [i] OUT_DIR: outputs\runs\20260131_101022_9084
2026-01-31 17:10:22,373 | INFO | [i] CONFIG_HASH: e0d346cde311
2026-01-31 17:10:22,373 | INFO | [i] SEED: 1337
2026-01-31 17:10:22,373 | INFO | [i] VERSIONS: {'python': '3.11.0', 'ffmpeg': 'ffmpeg version 8.0.1-full_build-www.gyan.dev Copyright (c) 2000-2025 the FFmpeg developers', 'ffprobe': 'ffprobe version 8.0.1-full_build-www.gyan.dev Copyright (c) 2007-2025 the FFmpeg developers', 'git_sha': 'b10b7a9', 'asr_model': 'tiny'}
2026-01-31 17:10:22,373 | INFO | [i] LOG_FILE: outputs\runs\20260131_101022_9084\logs\pipeline.log
2026-01-31 17:10:22,374 | INFO | [OK] === END STAGE 00: Initialization (elapsed=0.11s) ===
2026-01-31 17:10:22,374 | INFO | [i] === STAGE 01: Ingest Video ===
2026-01-31 17:10:22,374 | INFO | Selected video: C:\Users\rahmt\Downloads\clip_02_cand_0021.mp4
2026-01-31 17:10:22,423 | INFO | Duration: 33.93s
2026-01-31 17:10:22,424 | INFO | [OK] === END STAGE 01: Ingest Video (elapsed=0.05s) ===
2026-01-31 17:10:22,425 | INFO | [i] === STAGE 02: Audio Extract + Global Analysis ===
2026-01-31 17:10:22,504 | INFO | Audio extracted: outputs\runs\20260131_101022_9084\00_raw_segments\audio.wav
2026-01-31 17:10:22,551 | INFO | Wrote silence_segments.json
2026-01-31 17:10:22,551 | INFO | Silence segments: 0
2026-01-31 17:10:22,575 | INFO | Energy points: 1692 (saved to energy_curve.json)
2026-01-31 17:10:22,575 | INFO | [OK] === END STAGE 02: Audio Extract + Global Analysis (elapsed=0.14s) ===
2026-01-31 17:10:22,575 | INFO | [i] === STAGE 03: Speech Blocks (silence complement + VAD fallback) ===
2026-01-31 17:10:22,577 | INFO | Speech blocks: 1
2026-01-31 17:10:22,577 | INFO | [OK] === END STAGE 03: Speech Blocks (silence complement + VAD fallback) (elapsed=0.01s) ===
2026-01-31 17:10:22,577 | INFO | [i] === STAGE 04: Visual Sampling + Shot Detection ===
2026-01-31 17:10:23,909 | INFO | Sample thumbnails: 8
2026-01-31 17:10:23,910 | WARNING | Shot detection unavailable; continuing without. (No module named 'scenedetect')
2026-01-31 17:10:23,910 | INFO | [OK] === END STAGE 04: Visual Sampling + Shot Detection (elapsed=1.33s) ===
2026-01-31 17:10:23,910 | INFO | [i] === STAGE 05: Hard Lock: NO FACE / NO CROP / NO ZOOM ===
2026-01-31 17:10:23,910 | INFO | This pipeline does not perform face detection/tracking/crop/zoom. Export uses FIT+PAD only.
2026-01-31 17:10:23,910 | INFO | This pipeline does not generate SRT/subtitles or burn-in captions.
2026-01-31 17:10:23,910 | INFO | [OK] === END STAGE 05: Hard Lock: NO FACE / NO CROP / NO ZOOM (elapsed=0.00s) ===
2026-01-31 17:10:23,911 | INFO | [i] === STAGE 06: Segment Proposal (Candidate Mining) ===
2026-01-31 17:10:23,918 | INFO | Candidates: 39
2026-01-31 17:10:23,918 | INFO | [i] bucket_counts
2026-01-31 17:10:23,918 | INFO |     b0: ########## (35)
2026-01-31 17:10:23,918 | INFO |     b1: # (3)
2026-01-31 17:10:23,918 | INFO |     b2:  (1)
2026-01-31 17:10:23,918 | INFO |     b3:  (0)
2026-01-31 17:10:23,918 | INFO |     b4:  (0)
2026-01-31 17:10:23,918 | INFO | [i] duration_hist
2026-01-31 17:10:23,918 | INFO |     dur_15_35: ########## (39)
2026-01-31 17:10:23,918 | INFO |     dur_45_75:  (0)
2026-01-31 17:10:23,918 | INFO |     dur_75_120:  (0)
2026-01-31 17:10:23,918 | INFO | [OK] === END STAGE 06: Segment Proposal (Candidate Mining) (elapsed=0.00s) ===
2026-01-31 17:10:23,918 | INFO | [i] === STAGE 07: Context Expansion (pre-score) ===
2026-01-31 17:10:23,918 | INFO | [i] context_expansion: start_adj=0 end_adj=0
2026-01-31 17:10:23,918 | INFO | [OK] === END STAGE 07: Context Expansion (pre-score) (elapsed=0.00s) ===
2026-01-31 17:10:23,918 | INFO | [i] === STAGE 08: Feature Extraction ===
2026-01-31 17:10:23,946 | INFO | Features computed for all candidates.
2026-01-31 17:10:23,946 | INFO | [OK] === END STAGE 08: Feature Extraction (elapsed=0.03s) ===
2026-01-31 17:10:23,946 | INFO | [i] === STAGE 09: ASR (top-N per bucket, cache, fail-safe) ===
2026-01-31 17:10:23,946 | WARNING | [!] CACHE_MISS transcript (missing) -> recompute
2026-01-31 17:10:28,381 | INFO | ASR model ready: faster-whisper tiny (cpu int8)
2026-01-31 17:10:28,382 | INFO | ASR top-N per bucket: 12 candidates (mode=light)
2026-01-31 17:10:28,428 | INFO | ASR [cand_0001] block 1/1 START 2.00-14.00 (mode=light)
2026-01-31 17:10:34,168 | INFO | ASR [cand_0001] block 1 DONE in 5.73s
2026-01-31 17:10:34,216 | INFO | ASR [cand_0019] block 1/1 START 2.00-14.00 (mode=light)
2026-01-31 17:10:39,506 | INFO | ASR [cand_0019] block 1 DONE in 5.30s
2026-01-31 17:10:39,552 | INFO | ASR [cand_0020] block 1/1 START 2.00-14.00 (mode=light)
2026-01-31 17:10:45,268 | INFO | ASR [cand_0020] block 1 DONE in 5.72s
2026-01-31 17:10:45,316 | INFO | ASR [cand_0021] block 1/1 START 2.00-14.00 (mode=light)
2026-01-31 17:10:50,788 | INFO | ASR [cand_0021] block 1 DONE in 5.47s
2026-01-31 17:10:50,837 | INFO | ASR [cand_0022] block 1/1 START 2.00-14.00 (mode=light)
2026-01-31 17:10:52,402 | INFO | ASR [cand_0022] block 1 DONE in 1.56s
2026-01-31 17:10:52,447 | INFO | ASR [cand_0023] block 1/1 START 2.00-14.00 (mode=light)
2026-01-31 17:10:57,644 | INFO | ASR [cand_0023] block 1 DONE in 5.20s
2026-01-31 17:10:57,694 | INFO | ASR [cand_0024] block 1/1 START 2.00-14.00 (mode=light)
2026-01-31 17:11:02,130 | INFO | ASR [cand_0024] block 1 DONE in 4.44s
2026-01-31 17:11:02,177 | INFO | ASR [cand_0025] block 1/1 START 2.00-14.00 (mode=light)
2026-01-31 17:11:04,734 | INFO | ASR [cand_0025] block 1 DONE in 2.56s
2026-01-31 17:11:04,784 | INFO | ASR [cand_0039] block 1/1 START 14.82-26.82 (mode=light)
2026-01-31 17:11:05,481 | INFO | ASR [cand_0039] block 1 DONE in 0.69s
2026-01-31 17:11:05,525 | INFO | ASR [cand_0038] block 1/1 START 14.10-26.10 (mode=light)
2026-01-31 17:11:06,249 | INFO | ASR [cand_0038] block 1 DONE in 0.73s
2026-01-31 17:11:06,294 | INFO | ASR [cand_0003] block 1/1 START 14.00-26.00 (mode=light)
2026-01-31 17:11:06,980 | INFO | ASR [cand_0003] block 1 DONE in 0.69s
2026-01-31 17:11:07,026 | INFO | ASR [cand_0004] block 1/1 START 20.00-32.00 (mode=light)
2026-01-31 17:11:11,943 | INFO | ASR [cand_0004] block 1 DONE in 4.92s
2026-01-31 17:11:11,946 | INFO | Saved transcript cache (entries=5)
2026-01-31 17:11:11,947 | INFO | [OK] === END STAGE 09: ASR (top-N per bucket, cache, fail-safe) (elapsed=48.00s) ===
2026-01-31 17:11:11,947 | WARNING | [!] marker_candidates_added: 0
2026-01-31 17:11:11,947 | INFO | [i] === STAGE 10: Scoring (bucket-normalized) ===
2026-01-31 17:11:11,968 | INFO | Wrote ranking.csv (all candidates): outputs\runs\20260131_101022_9084\04_metadata\ranking.csv
2026-01-31 17:11:11,968 | INFO | [OK] === END STAGE 10: Scoring (bucket-normalized) (elapsed=0.03s) ===
2026-01-31 17:11:11,968 | INFO | [i] === STAGE 11: Selection (bucket quota + fairness) ===
2026-01-31 17:11:11,975 | INFO | [i] selected_summary
2026-01-31 17:11:11,975 | INFO |     #01 b0 cand_0001 start=0.00s (0%) dur=33.9s VS=79.9
2026-01-31 17:11:11,975 | INFO | [i] Selected clips: 1
2026-01-31 17:11:11,975 | INFO | [i] duration_hist
2026-01-31 17:11:11,975 | INFO |     dur_15_35: ########## (1)
2026-01-31 17:11:11,975 | INFO |     dur_45_75:  (0)
2026-01-31 17:11:11,976 | INFO |     dur_75_120:  (0)
2026-01-31 17:11:11,976 | INFO | [i] selected_dur_band
2026-01-31 17:11:11,976 | INFO |     short: ########## (1)
2026-01-31 17:11:11,976 | INFO |     mid:  (0)
2026-01-31 17:11:11,976 | INFO |     long:  (0)
2026-01-31 17:11:11,976 | INFO | [i] selected_bucket_counts
2026-01-31 17:11:11,976 | INFO |     b0: ########## (1)
2026-01-31 17:11:11,976 | INFO |     b1:  (0)
2026-01-31 17:11:11,976 | INFO |     b2:  (0)
2026-01-31 17:11:11,976 | INFO |     b3:  (0)
2026-01-31 17:11:11,976 | INFO |     b4:  (0)
2026-01-31 17:11:11,976 | INFO | [OK] === END STAGE 11: Selection (bucket quota + fairness) (elapsed=0.00s) ===
2026-01-31 17:11:11,978 | INFO | [i] Snap boundaries + end-of-idea polish
2026-01-31 17:11:11,978 | INFO | ASR (selected-only full) cand_0001 for snapping
2026-01-31 17:11:12,026 | INFO | ASR [cand_0001] block 1/2 START 0.00-28.00 (mode=full)
2026-01-31 17:11:21,401 | INFO | ASR [cand_0001] block 1 DONE in 9.38s
2026-01-31 17:11:21,445 | INFO | ASR [cand_0001] block 2/2 START 27.75-33.93 (mode=full)
2026-01-31 17:11:22,502 | INFO | ASR [cand_0001] block 2 DONE in 1.06s
2026-01-31 17:11:22,506 | INFO | [i] Snapping completed (end-of-idea polish enabled).
2026-01-31 17:11:22,507 | INFO | Saved transcript cache after snapping (entries=5)
2026-01-31 17:11:22,507 | INFO | [i] === STAGE 12: Finalize + Export (NO ZOOM pad 1080x1920@30) + Thumbs + Ranking ===
2026-01-31 17:11:26,326 | INFO | [OK] EXPORT clip_01 id=cand_0001 start=0.00 end=33.93 dur=33.93 -> outputs\runs\20260131_101022_9084\02_selected_clips\clip_01_cand_0001.mp4 size=6323KB
2026-01-31 17:11:26,498 | INFO | [OK] === END STAGE 12: Finalize + Export (NO ZOOM pad 1080x1920@30) + Thumbs + Ranking (elapsed=3.98s) ===
2026-01-31 17:11:26,498 | WARNING | [!] WARNING SUMMARY (2)
2026-01-31 17:11:26,498 | WARNING |     01. CACHE_MISS transcript (missing) -> recompute
2026-01-31 17:11:26,498 | WARNING |     02. marker_candidates_added: 0
2026-01-31 17:11:26,501 | INFO | [OK] Artifacts: outputs\runs\20260131_101022_9084\04_metadata\run_manifest.json
2026-01-31 17:11:26,501 | INFO | [OK] Artifacts: outputs\runs\20260131_101022_9084\04_metadata\selection_audit.json
2026-01-31 17:11:26,501 | INFO | [OK] Artifacts: outputs\runs\20260131_101022_9084\04_metadata\selected.json
2026-01-31 17:11:26,501 | INFO | [OK] Artifacts: outputs\runs\20260131_101022_9084\04_metadata\ranking.csv
2026-01-31 17:11:26,501 | INFO | [OK] Artifacts: outputs\runs\20260131_101022_9084\04_metadata\export_manifest.json
